2025-01-22 14:45:45.233 | INFO     | src.core.ability:lifespan:14 - Current configuration: openapi_url='/path/openapi.json' docs_url='/path/ocs' redoc_url='/path/redoc' datasource_url='postgresql://postgres:88888888@localhost:5432/postgres' db_pool_size=5 db_pool_max_overflow=5 is_print_sql=False
2025-01-22 14:45:45.263 | INFO     | src.core.database:init_db:22 - [Database] Initializing...
2025-01-22 14:45:45.797 | INFO     | src.core.database:init_db:24 - [Database] Initialization complete
2025-01-22 14:45:45.797 | INFO     | src.core.ability:lifespan:17 - [Service] Started
2025-01-22 14:56:09.886 | INFO     | src.core.ability:lifespan:14 - Current configuration: openapi_url='/path/openapi.json' docs_url='/path/ocs' redoc_url='/path/redoc' datasource_url='postgresql://postgres:88888888@localhost:5432/postgres' db_pool_size=5 db_pool_max_overflow=5 is_print_sql=False
2025-01-22 14:56:09.894 | INFO     | src.core.database:init_db:22 - [Database] Initializing...
2025-01-22 14:56:10.711 | INFO     | src.core.database:init_db:24 - [Database] Initialization complete
2025-01-22 14:56:10.713 | INFO     | src.core.ability:lifespan:17 - [Service] Started
2025-01-22 14:57:29.794 | INFO     | src.core.ability:lifespan:19 - [Service] Stopped
2025-01-22 14:57:33.080 | INFO     | src.core.ability:lifespan:14 - Current configuration: openapi_url='/path/openapi.json' docs_url='/path/ocs' redoc_url='/path/redoc' datasource_url='postgresql://postgres:88888888@localhost:5432/postgres' db_pool_size=5 db_pool_max_overflow=5 is_print_sql=False
2025-01-22 14:57:33.082 | INFO     | src.core.database:init_db:22 - [Database] Initializing...
2025-01-22 14:57:33.222 | INFO     | src.core.database:init_db:24 - [Database] Initialization complete
2025-01-22 14:57:33.223 | INFO     | src.core.ability:lifespan:17 - [Service] Started
2025-01-22 14:57:56.926 | INFO     | src.core.ability:lifespan:19 - [Service] Stopped
2025-01-22 14:58:00.209 | INFO     | src.core.ability:lifespan:14 - Current configuration: openapi_url='/path/openapi.json' docs_url='/path/ocs' redoc_url='/path/redoc' datasource_url='postgresql://postgres:88888888@localhost:5432/postgres' db_pool_size=5 db_pool_max_overflow=5 is_print_sql=False
2025-01-22 14:58:00.215 | INFO     | src.core.database:init_db:22 - [Database] Initializing...
2025-01-22 14:58:00.392 | INFO     | src.core.database:init_db:24 - [Database] Initialization complete
2025-01-22 14:58:00.393 | INFO     | src.core.ability:lifespan:17 - [Service] Started
2025-01-22 14:58:37.407 | INFO     | src.core.ability:lifespan:19 - [Service] Stopped
2025-01-22 14:58:39.905 | INFO     | src.core.ability:lifespan:14 - Current configuration: openapi_url='/path/openapi.json' docs_url='/path/ocs' redoc_url='/path/redoc' datasource_url='postgresql://postgres:88888888@localhost:5432/postgres' db_pool_size=5 db_pool_max_overflow=5 is_print_sql=False
2025-01-22 14:58:39.908 | INFO     | src.core.database:init_db:22 - [Database] Initializing...
2025-01-22 14:58:40.218 | INFO     | src.core.database:init_db:24 - [Database] Initialization complete
2025-01-22 14:58:40.219 | INFO     | src.core.ability:lifespan:17 - [Service] Started
2025-01-22 15:01:00.369 | INFO     | src.core.ability:lifespan:19 - [Service] Stopped
2025-01-22 15:01:05.002 | INFO     | src.core.ability:lifespan:14 - Current configuration: openapi_url='/path/openapi.json' docs_url='/path/ocs' redoc_url='/path/redoc' datasource_url='postgresql://postgres:88888888@localhost:5432/postgres' db_pool_size=5 db_pool_max_overflow=5 is_print_sql=False
2025-01-22 15:01:05.008 | INFO     | src.core.database:init_db:22 - [Database] Initializing...
2025-01-22 15:01:05.261 | INFO     | src.core.database:init_db:24 - [Database] Initialization complete
2025-01-22 15:01:05.262 | INFO     | src.core.ability:lifespan:17 - [Service] Started
2025-01-22 15:06:00.603 | INFO     | src.core.ability:lifespan:19 - [Service] Stopped
2025-01-22 15:06:05.012 | INFO     | src.core.ability:lifespan:14 - Current configuration: openapi_url='/path/openapi.json' docs_url='/path/ocs' redoc_url='/path/redoc' datasource_url='postgresql://postgres:88888888@localhost:5432/postgres' db_pool_size=5 db_pool_max_overflow=5 is_print_sql=False
2025-01-22 15:06:05.016 | INFO     | src.core.database:init_db:22 - [Database] Initializing...
2025-01-22 15:06:05.195 | INFO     | src.core.database:init_db:24 - [Database] Initialization complete
2025-01-22 15:06:05.196 | INFO     | src.core.ability:lifespan:17 - [Service] Started
2025-01-22 15:11:34.980 | INFO     | src.core.ability:lifespan:19 - [Service] Stopped
2025-01-22 15:13:18.042 | INFO     | src.core.ability:lifespan:14 - Current configuration: openapi_url='/path/openapi.json' docs_url='/path/ocs' redoc_url='/path/redoc' datasource_url='postgresql://postgres:88888888@localhost:5432/pg' db_pool_size=5 db_pool_max_overflow=5 is_print_sql=False
2025-01-22 15:13:18.046 | INFO     | src.core.database:init_db:22 - [Database] Initializing...
2025-01-22 15:15:36.796 | INFO     | src.core.ability:lifespan:14 - Current configuration: openapi_url='/path/openapi.json' docs_url='/path/ocs' redoc_url='/path/redoc' datasource_url='postgresql://postgres:88888888@localhost:5432/postgres' db_pool_size=5 db_pool_max_overflow=5 is_print_sql=False
2025-01-22 15:15:36.797 | INFO     | src.core.database:init_db:22 - [Database] Initializing...
2025-01-22 15:15:36.918 | INFO     | src.core.database:init_db:24 - [Database] Initialization complete
2025-01-22 15:15:36.919 | INFO     | src.core.ability:lifespan:17 - [Service] Started
2025-01-22 15:21:38.295 | INFO     | src.core.ability:lifespan:19 - [Service] Stopped
2025-01-22 15:21:44.152 | INFO     | src.core.ability:lifespan:14 - Current configuration: openapi_url='/path/openapi.json' docs_url='/path/ocs' redoc_url='/path/redoc' datasource_url='postgresql://postgres:88888888@localhost:5432/postgres' db_pool_size=5 db_pool_max_overflow=5 is_print_sql=False
2025-01-22 15:21:44.153 | INFO     | src.core.database:init_db:22 - [Database] Initializing...
2025-01-22 15:21:44.285 | INFO     | src.core.database:init_db:24 - [Database] Initialization complete
2025-01-22 15:21:44.286 | INFO     | src.core.ability:lifespan:17 - [Service] Started
2025-01-22 15:23:02.771 | INFO     | src.core.ability:lifespan:19 - [Service] Stopped
2025-01-22 15:23:06.216 | INFO     | src.core.ability:lifespan:14 - Current configuration: openapi_url='/path/openapi.json' docs_url='/path/ocs' redoc_url='/path/redoc' datasource_url='postgresql://postgres:88888888@localhost:5432/postgres' db_pool_size=5 db_pool_max_overflow=5 is_print_sql=False
2025-01-22 15:23:06.220 | INFO     | src.core.database:init_db:22 - [Database] Initializing...
2025-01-22 15:23:06.370 | INFO     | src.core.database:init_db:24 - [Database] Initialization complete
2025-01-22 15:23:06.371 | INFO     | src.core.ability:lifespan:17 - [Service] Started
2025-01-22 15:23:36.424 | INFO     | src.core.ability:lifespan:19 - [Service] Stopped
2025-01-22 15:23:40.613 | INFO     | src.core.ability:lifespan:14 - Current configuration: openapi_url='/path/openapi.json' docs_url='/path/ocs' redoc_url='/path/redoc' datasource_url='postgresql://postgres:88888888@localhost:5432/postgres' db_pool_size=5 db_pool_max_overflow=5 is_print_sql=False
2025-01-22 15:23:40.615 | INFO     | src.core.database:init_db:22 - [Database] Initializing...
2025-01-22 15:23:40.808 | INFO     | src.core.database:init_db:24 - [Database] Initialization complete
2025-01-22 15:23:40.818 | INFO     | src.core.ability:lifespan:17 - [Service] Started
2025-01-22 15:24:10.849 | INFO     | src.core.ability:lifespan:19 - [Service] Stopped
2025-01-22 15:24:18.284 | INFO     | src.core.ability:lifespan:14 - Current configuration: openapi_url='/path/openapi.json' docs_url='/path/ocs' redoc_url='/path/redoc' datasource_url='postgresql://postgres:88888888@localhost:5432/postgres' db_pool_size=5 db_pool_max_overflow=5 is_print_sql=False
2025-01-22 15:24:18.286 | INFO     | src.core.database:init_db:22 - [Database] Initializing...
2025-01-22 15:24:18.430 | INFO     | src.core.database:init_db:24 - [Database] Initialization complete
2025-01-22 15:24:18.431 | INFO     | src.core.ability:lifespan:17 - [Service] Started
2025-01-22 15:24:48.492 | INFO     | src.core.ability:lifespan:19 - [Service] Stopped
2025-01-22 15:25:01.194 | INFO     | src.core.ability:lifespan:14 - Current configuration: openapi_url='/path/openapi.json' docs_url='/path/ocs' redoc_url='/path/redoc' datasource_url='postgresql://postgres:88888888@localhost:5432/postgres' db_pool_size=5 db_pool_max_overflow=5 is_print_sql=False
2025-01-22 15:25:01.197 | INFO     | src.core.database:init_db:22 - [Database] Initializing...
2025-01-22 15:25:01.335 | INFO     | src.core.database:init_db:24 - [Database] Initialization complete
2025-01-22 15:25:01.335 | INFO     | src.core.ability:lifespan:17 - [Service] Started
2025-01-22 15:35:00.781 | INFO     | src.core.ability:lifespan:19 - [Service] Stopped
2025-01-22 15:35:05.008 | INFO     | src.core.ability:lifespan:14 - Current configuration: openapi_url='/path/openapi.json' docs_url='/path/ocs' redoc_url='/path/redoc' datasource_url='postgresql://postgres:88888888@localhost:5432/postgres' db_pool_size=5 db_pool_max_overflow=5 is_print_sql=False
2025-01-22 15:35:05.011 | INFO     | src.core.database:init_db:22 - [Database] Initializing...
2025-01-22 15:35:05.263 | INFO     | src.core.database:init_db:24 - [Database] Initialization complete
2025-01-22 15:35:05.263 | INFO     | src.core.ability:lifespan:17 - [Service] Started
2025-01-22 15:51:25.503 | INFO     | src.core.ability:lifespan:19 - [Service] Stopped
2025-01-22 15:53:06.840 | INFO     | src.core.ability:lifespan:14 - Current configuration: openapi_url='/path/openapi.json' docs_url='/path/ocs' redoc_url='/path/redoc' datasource_url='postgresql://postgres:88888888@localhost:5432/postgres' db_pool_size=5 db_pool_max_overflow=5 is_print_sql=False
2025-01-22 15:53:06.842 | INFO     | src.core.database:init_db:22 - [Database] Initializing...
2025-01-22 15:53:06.977 | INFO     | src.core.database:init_db:24 - [Database] Initialization complete
2025-01-22 15:53:06.978 | INFO     | src.core.ability:lifespan:17 - [Service] Started
2025-01-22 15:55:12.770 | ERROR    | src.core.exception:sql_exception_handler:64 - Database error, [POST] http://127.0.0.1:8000/product (psycopg2.errors.NotNullViolation) null value in column "cost" of relation "product" violates not-null constraint
DETAIL:  Failing row contains (1, 1737532512743, 1737532512743, f, EPhone 1, Smartphone, 10000, null).

[SQL: INSERT INTO product (create_timestamp, update_timestamp, is_deleted, name, category, price) VALUES (%(create_timestamp)s, %(update_timestamp)s, %(is_deleted)s, %(name)s, %(category)s, %(price)s) RETURNING product.id]
[parameters: {'create_timestamp': 1737532512743, 'update_timestamp': 1737532512743, 'is_deleted': False, 'name': 'EPhone 1', 'category': 'Smartphone', 'price': 10000.0}]
(Background on this error at: https://sqlalche.me/e/20/gkpj)
2025-01-22 15:58:28.077 | INFO     | src.core.ability:lifespan:14 - Current configuration: openapi_url='/path/openapi.json' docs_url='/path/ocs' redoc_url='/path/redoc' datasource_url='postgresql://postgres:88888888@localhost:5432/postgres' db_pool_size=5 db_pool_max_overflow=5 is_print_sql=False
2025-01-22 15:58:28.079 | INFO     | src.core.database:init_db:22 - [Database] Initializing...
2025-01-22 15:58:28.272 | INFO     | src.core.database:init_db:24 - [Database] Initialization complete
2025-01-22 15:58:28.273 | INFO     | src.core.ability:lifespan:17 - [Service] Started
2025-01-22 15:59:33.909 | INFO     | src.core.ability:lifespan:19 - [Service] Stopped
2025-01-22 15:59:38.971 | INFO     | src.core.ability:lifespan:14 - Current configuration: openapi_url='/path/openapi.json' docs_url='/path/ocs' redoc_url='/path/redoc' datasource_url='postgresql://postgres:88888888@localhost:5432/postgres' db_pool_size=5 db_pool_max_overflow=5 is_print_sql=False
2025-01-22 15:59:38.973 | INFO     | src.core.database:init_db:22 - [Database] Initializing...
2025-01-22 15:59:39.164 | INFO     | src.core.database:init_db:24 - [Database] Initialization complete
2025-01-22 15:59:39.165 | INFO     | src.core.ability:lifespan:17 - [Service] Started
2025-01-22 16:11:48.349 | ERROR    | src.core.exception:exception_handler:79 - Unknown exception, [GET] http://127.0.0.1:8000/product?page_index=1&page_size=10 
2025-01-22 16:13:43.524 | INFO     | src.core.ability:lifespan:19 - [Service] Stopped
2025-01-22 16:13:46.466 | INFO     | src.core.ability:lifespan:14 - Current configuration: openapi_url='/path/openapi.json' docs_url='/path/ocs' redoc_url='/path/redoc' datasource_url='postgresql://postgres:88888888@localhost:5432/postgres' db_pool_size=5 db_pool_max_overflow=5 is_print_sql=False
2025-01-22 16:13:46.468 | INFO     | src.core.database:init_db:22 - [Database] Initializing...
2025-01-22 16:13:46.625 | INFO     | src.core.database:init_db:24 - [Database] Initialization complete
2025-01-22 16:13:46.626 | INFO     | src.core.ability:lifespan:17 - [Service] Started
2025-01-22 16:14:39.034 | ERROR    | src.core.exception:exception_handler:79 - Unknown exception, [GET] http://127.0.0.1:8000/product?page_index=1&page_size=10 
2025-01-22 16:18:44.562 | INFO     | src.core.ability:lifespan:19 - [Service] Stopped
2025-01-22 16:18:56.400 | INFO     | src.core.ability:lifespan:14 - Current configuration: openapi_url='/path/openapi.json' docs_url='/path/ocs' redoc_url='/path/redoc' datasource_url='postgresql://postgres:88888888@localhost:5432/postgres' db_pool_size=5 db_pool_max_overflow=5 is_print_sql=False
2025-01-22 16:18:56.409 | INFO     | src.core.database:init_db:22 - [Database] Initializing...
2025-01-22 16:18:56.697 | INFO     | src.core.database:init_db:24 - [Database] Initialization complete
2025-01-22 16:18:56.698 | INFO     | src.core.ability:lifespan:17 - [Service] Started
2025-01-22 16:18:57.228 | ERROR    | src.core.exception:sql_exception_handler:64 - Database error, [GET] http://127.0.0.1:8000/product?page_index=1&page_size=10 Multiple rows were found when exactly one was required
2025-01-22 16:19:03.238 | ERROR    | src.core.exception:sql_exception_handler:64 - Database error, [GET] http://127.0.0.1:8000/product?page_index=1&page_size=10 Multiple rows were found when exactly one was required
2025-01-22 16:19:27.456 | ERROR    | src.core.exception:sql_exception_handler:64 - Database error, [GET] http://127.0.0.1:8000/product?page_index=1&page_size=10 Multiple rows were found when exactly one was required
2025-01-22 16:23:50.069 | INFO     | src.core.ability:lifespan:19 - [Service] Stopped
2025-01-22 16:24:17.068 | INFO     | src.core.ability:lifespan:14 - Current configuration: openapi_url='/path/openapi.json' docs_url='/path/ocs' redoc_url='/path/redoc' datasource_url='postgresql://postgres:88888888@localhost:5432/postgres' db_pool_size=5 db_pool_max_overflow=5 is_print_sql=False
2025-01-22 16:24:17.072 | INFO     | src.core.database:init_db:22 - [Database] Initializing...
2025-01-22 16:24:17.484 | INFO     | src.core.database:init_db:24 - [Database] Initialization complete
2025-01-22 16:24:17.485 | INFO     | src.core.ability:lifespan:17 - [Service] Started
2025-01-22 16:26:46.992 | INFO     | src.core.ability:lifespan:14 - Current configuration: openapi_url='/path/openapi.json' docs_url='/path/ocs' redoc_url='/path/redoc' datasource_url='postgresql://postgres:88888888@localhost:5432/postgres' db_pool_size=5 db_pool_max_overflow=5 is_print_sql=False
2025-01-22 16:26:46.995 | INFO     | src.core.database:init_db:22 - [Database] Initializing...
2025-01-22 16:26:47.148 | INFO     | src.core.database:init_db:24 - [Database] Initialization complete
2025-01-22 16:26:47.149 | INFO     | src.core.ability:lifespan:17 - [Service] Started
2025-01-22 16:33:02.117 | INFO     | src.core.ability:lifespan:19 - [Service] Stopped
2025-01-22 16:33:12.882 | INFO     | src.core.ability:lifespan:14 - Current configuration: openapi_url='/path/openapi.json' docs_url='/path/ocs' redoc_url='/path/redoc' datasource_url='postgresql://postgres:88888888@localhost:5432/postgres' db_pool_size=5 db_pool_max_overflow=5 is_print_sql=False
2025-01-22 16:33:12.884 | INFO     | src.core.database:init_db:22 - [Database] Initializing...
2025-01-22 16:33:13.029 | INFO     | src.core.database:init_db:24 - [Database] Initialization complete
2025-01-22 16:33:13.029 | INFO     | src.core.ability:lifespan:17 - [Service] Started
2025-01-22 16:44:50.154 | INFO     | src.core.ability:lifespan:19 - [Service] Stopped
2025-01-22 16:45:34.842 | INFO     | src.core.ability:lifespan:14 - Current configuration: openapi_url='/path/openapi.json' docs_url='/path/ocs' redoc_url='/path/redoc' datasource_url='postgresql://postgres:88888888@localhost:5432/postgres' db_pool_size=5 db_pool_max_overflow=5 is_print_sql=False
2025-01-22 16:45:34.851 | INFO     | src.core.database:init_db:22 - [Database] Initializing...
2025-01-22 16:45:35.267 | INFO     | src.core.database:init_db:24 - [Database] Initialization complete
2025-01-22 16:45:35.268 | INFO     | src.core.ability:lifespan:17 - [Service] Started
2025-01-22 16:49:26.812 | INFO     | src.core.ability:lifespan:14 - Current configuration: openapi_url='/path/openapi.json' docs_url='/path/ocs' redoc_url='/path/redoc' datasource_url='postgresql://postgres:88888888@localhost:5432/postgres' db_pool_size=5 db_pool_max_overflow=5 is_print_sql=False
2025-01-22 16:49:26.813 | INFO     | src.core.database:init_db:22 - [Database] Initializing...
2025-01-22 16:49:26.950 | INFO     | src.core.database:init_db:24 - [Database] Initialization complete
2025-01-22 16:49:26.950 | INFO     | src.core.ability:lifespan:17 - [Service] Started
2025-01-22 16:49:56.977 | INFO     | src.core.ability:lifespan:19 - [Service] Stopped
2025-01-22 16:49:59.305 | INFO     | src.core.ability:lifespan:14 - Current configuration: openapi_url='/path/openapi.json' docs_url='/path/ocs' redoc_url='/path/redoc' datasource_url='postgresql://postgres:88888888@localhost:5432/postgres' db_pool_size=5 db_pool_max_overflow=5 is_print_sql=False
2025-01-22 16:49:59.307 | INFO     | src.core.database:init_db:22 - [Database] Initializing...
2025-01-22 16:49:59.457 | INFO     | src.core.database:init_db:24 - [Database] Initialization complete
2025-01-22 16:49:59.458 | INFO     | src.core.ability:lifespan:17 - [Service] Started
2025-01-22 16:53:06.409 | INFO     | src.core.ability:lifespan:19 - [Service] Stopped
2025-01-22 16:54:13.503 | INFO     | src.core.ability:lifespan:14 - Current configuration: openapi_url='/path/openapi.json' docs_url='/path/ocs' redoc_url='/path/redoc' datasource_url='postgresql://postgres:88888888@localhost:5432/postgres' db_pool_size=5 db_pool_max_overflow=5 is_print_sql=False
2025-01-22 16:54:13.511 | INFO     | src.core.database:init_db:22 - [Database] Initializing...
2025-01-22 16:54:13.712 | INFO     | src.core.database:init_db:24 - [Database] Initialization complete
2025-01-22 16:54:13.712 | INFO     | src.core.ability:lifespan:17 - [Service] Started
2025-01-22 16:55:15.398 | INFO     | src.core.ability:lifespan:14 - Current configuration: openapi_url='/path/openapi.json' docs_url='/path/ocs' redoc_url='/path/redoc' datasource_url='postgresql://postgres:88888888@localhost:5432/postgres' db_pool_size=5 db_pool_max_overflow=5 is_print_sql=False
2025-01-22 16:55:15.400 | INFO     | src.core.database:init_db:22 - [Database] Initializing...
2025-01-22 16:55:15.605 | INFO     | src.core.database:init_db:24 - [Database] Initialization complete
2025-01-22 16:55:15.605 | INFO     | src.core.ability:lifespan:17 - [Service] Started
2025-01-22 16:56:08.276 | INFO     | src.core.ability:lifespan:19 - [Service] Stopped
2025-01-22 16:56:11.614 | INFO     | src.core.ability:lifespan:14 - Current configuration: openapi_url='/path/openapi.json' docs_url='/path/ocs' redoc_url='/path/redoc' datasource_url='postgresql://postgres:88888888@localhost:5432/postgres' db_pool_size=5 db_pool_max_overflow=5 is_print_sql=False
2025-01-22 16:56:11.616 | INFO     | src.core.database:init_db:22 - [Database] Initializing...
2025-01-22 16:56:11.730 | INFO     | src.core.database:init_db:24 - [Database] Initialization complete
2025-01-22 16:56:11.730 | INFO     | src.core.ability:lifespan:17 - [Service] Started
2025-01-22 16:56:58.441 | INFO     | src.core.ability:lifespan:14 - Current configuration: openapi_url='/path/openapi.json' docs_url='/path/ocs' redoc_url='/path/redoc' datasource_url='postgresql://postgres:88888888@localhost:5432/postgres' db_pool_size=5 db_pool_max_overflow=5 is_print_sql=False
2025-01-22 16:56:58.443 | INFO     | src.core.database:init_db:22 - [Database] Initializing...
2025-01-22 16:56:58.689 | INFO     | src.core.database:init_db:24 - [Database] Initialization complete
2025-01-22 16:56:58.690 | INFO     | src.core.ability:lifespan:17 - [Service] Started
2025-01-22 16:57:28.684 | INFO     | src.core.ability:lifespan:19 - [Service] Stopped
2025-01-22 16:57:31.728 | INFO     | src.core.ability:lifespan:14 - Current configuration: openapi_url='/path/openapi.json' docs_url='/path/ocs' redoc_url='/path/redoc' datasource_url='postgresql://postgres:88888888@localhost:5432/postgres' db_pool_size=5 db_pool_max_overflow=5 is_print_sql=False
2025-01-22 16:57:31.731 | INFO     | src.core.database:init_db:22 - [Database] Initializing...
2025-01-22 16:57:31.938 | INFO     | src.core.database:init_db:24 - [Database] Initialization complete
2025-01-22 16:57:31.938 | INFO     | src.core.ability:lifespan:17 - [Service] Started
2025-01-22 16:57:59.861 | INFO     | src.core.ability:lifespan:19 - [Service] Stopped
2025-01-22 16:58:09.522 | INFO     | src.core.ability:lifespan:14 - Current configuration: openapi_url='/path/openapi.json' docs_url='/path/ocs' redoc_url='/path/redoc' datasource_url='postgresql://postgres:88888888@localhost:5432/postgres' db_pool_size=5 db_pool_max_overflow=5 is_print_sql=False
2025-01-22 16:58:09.530 | INFO     | src.core.database:init_db:22 - [Database] Initializing...
2025-01-22 16:58:09.805 | INFO     | src.core.database:init_db:24 - [Database] Initialization complete
2025-01-22 16:58:09.807 | INFO     | src.core.ability:lifespan:17 - [Service] Started
2025-01-22 16:59:34.037 | INFO     | src.core.ability:lifespan:19 - [Service] Stopped
2025-01-22 16:59:37.796 | INFO     | src.core.ability:lifespan:14 - Current configuration: openapi_url='/path/openapi.json' docs_url='/path/ocs' redoc_url='/path/redoc' datasource_url='postgresql://postgres:88888888@localhost:5432/postgres' db_pool_size=5 db_pool_max_overflow=5 is_print_sql=False
2025-01-22 16:59:37.797 | INFO     | src.core.database:init_db:22 - [Database] Initializing...
2025-01-22 16:59:37.915 | INFO     | src.core.database:init_db:24 - [Database] Initialization complete
2025-01-22 16:59:37.916 | INFO     | src.core.ability:lifespan:17 - [Service] Started
2025-01-22 17:01:01.799 | INFO     | src.core.ability:lifespan:14 - Current configuration: openapi_url='/path/openapi.json' docs_url='/path/ocs' redoc_url='/path/redoc' datasource_url='postgresql://postgres:88888888@localhost:5432/postgres' db_pool_size=5 db_pool_max_overflow=5 is_print_sql=False
2025-01-22 17:01:01.801 | INFO     | src.core.database:init_db:22 - [Database] Initializing...
2025-01-22 17:01:02.091 | INFO     | src.core.database:init_db:24 - [Database] Initialization complete
2025-01-22 17:01:02.092 | INFO     | src.core.ability:lifespan:17 - [Service] Started
2025-01-22 17:01:16.738 | ERROR    | src.core.exception:sql_exception_handler:64 - Database error, [POST] http://127.0.0.1:8000/transaction (psycopg2.errors.ForeignKeyViolation) insert or update on table "transaction" violates foreign key constraint "transaction_customer_id_fkey"
DETAIL:  Key (customer_id)=(1) is not present in table "customer".

[SQL: INSERT INTO transaction (create_timestamp, update_timestamp, is_deleted, product_id, customer_id, date, quantity) VALUES (%(create_timestamp)s, %(update_timestamp)s, %(is_deleted)s, %(product_id)s, %(customer_id)s, %(date)s, %(quantity)s) RETURNING transaction.id]
[parameters: {'create_timestamp': 1737536476707, 'update_timestamp': 1737536476707, 'is_deleted': False, 'product_id': 1, 'customer_id': 1, 'date': 1674408536000, 'quantity': 1}]
(Background on this error at: https://sqlalche.me/e/20/gkpj)
2025-01-22 17:05:10.829 | INFO     | src.core.ability:lifespan:14 - Current configuration: openapi_url='/path/openapi.json' docs_url='/path/ocs' redoc_url='/path/redoc' datasource_url='postgresql://postgres:88888888@localhost:5432/postgres' db_pool_size=5 db_pool_max_overflow=5 is_print_sql=False
2025-01-22 17:05:10.831 | INFO     | src.core.database:init_db:22 - [Database] Initializing...
2025-01-22 17:05:10.989 | INFO     | src.core.database:init_db:24 - [Database] Initialization complete
2025-01-22 17:05:10.990 | INFO     | src.core.ability:lifespan:17 - [Service] Started
2025-01-22 17:07:39.141 | INFO     | src.core.ability:lifespan:19 - [Service] Stopped
2025-01-22 17:07:42.587 | INFO     | src.core.ability:lifespan:14 - Current configuration: openapi_url='/path/openapi.json' docs_url='/path/ocs' redoc_url='/path/redoc' datasource_url='postgresql://postgres:88888888@localhost:5432/postgres' db_pool_size=5 db_pool_max_overflow=5 is_print_sql=False
2025-01-22 17:07:42.589 | INFO     | src.core.database:init_db:22 - [Database] Initializing...
2025-01-22 17:07:42.734 | INFO     | src.core.database:init_db:24 - [Database] Initialization complete
2025-01-22 17:07:42.735 | INFO     | src.core.ability:lifespan:17 - [Service] Started
2025-01-22 17:08:51.884 | INFO     | src.core.ability:lifespan:19 - [Service] Stopped
2025-01-22 17:10:01.093 | INFO     | src.core.ability:lifespan:14 - Current configuration: openapi_url='/path/openapi.json' docs_url='/path/ocs' redoc_url='/path/redoc' datasource_url='postgresql://postgres:88888888@localhost:5432/postgres' db_pool_size=5 db_pool_max_overflow=5 is_print_sql=False
2025-01-22 17:10:01.094 | INFO     | src.core.database:init_db:22 - [Database] Initializing...
2025-01-22 17:10:01.472 | INFO     | src.core.database:init_db:24 - [Database] Initialization complete
2025-01-22 17:10:01.473 | INFO     | src.core.ability:lifespan:17 - [Service] Started
2025-01-22 17:10:29.393 | ERROR    | src.core.exception:sql_exception_handler:64 - Database error, [POST] http://127.0.0.1:8000/transaction (psycopg2.errors.ForeignKeyViolation) insert or update on table "transaction" violates foreign key constraint "transaction_customer_id_fkey"
DETAIL:  Key (customer_id)=(1) is not present in table "customer".

[SQL: INSERT INTO transaction (create_timestamp, update_timestamp, is_deleted, product_id, customer_id, date, quantity) VALUES (%(create_timestamp)s, %(update_timestamp)s, %(is_deleted)s, %(product_id)s, %(customer_id)s, %(date)s, %(quantity)s) RETURNING transaction.id]
[parameters: {'create_timestamp': 1737537029382, 'update_timestamp': 1737537029382, 'is_deleted': False, 'product_id': 1, 'customer_id': 1, 'date': 1674408536000, 'quantity': 1}]
(Background on this error at: https://sqlalche.me/e/20/gkpj)
2025-01-22 17:22:32.779 | INFO     | src.core.ability:lifespan:19 - [Service] Stopped
2025-01-22 17:22:44.231 | INFO     | src.core.ability:lifespan:14 - Current configuration: openapi_url='/path/openapi.json' docs_url='/path/ocs' redoc_url='/path/redoc' datasource_url='postgresql://postgres:88888888@localhost:5432/postgres' db_pool_size=5 db_pool_max_overflow=5 is_print_sql=False
2025-01-22 17:22:44.235 | INFO     | src.core.database:init_db:22 - [Database] Initializing...
2025-01-22 17:22:44.494 | INFO     | src.core.database:init_db:24 - [Database] Initialization complete
2025-01-22 17:22:44.495 | INFO     | src.core.ability:lifespan:17 - [Service] Started
2025-01-22 17:27:05.078 | INFO     | src.core.ability:lifespan:19 - [Service] Stopped
2025-01-22 17:27:14.450 | INFO     | src.core.ability:lifespan:14 - Current configuration: openapi_url='/path/openapi.json' docs_url='/path/ocs' redoc_url='/path/redoc' datasource_url='postgresql://postgres:88888888@localhost:5432/postgres' db_pool_size=5 db_pool_max_overflow=5 is_print_sql=False
2025-01-22 17:27:14.452 | INFO     | src.core.database:init_db:22 - [Database] Initializing...
2025-01-22 17:27:14.778 | INFO     | src.core.database:init_db:24 - [Database] Initialization complete
2025-01-22 17:27:14.779 | INFO     | src.core.ability:lifespan:17 - [Service] Started
2025-01-22 17:27:44.667 | INFO     | src.core.ability:lifespan:19 - [Service] Stopped
2025-01-22 17:27:52.713 | INFO     | src.core.ability:lifespan:14 - Current configuration: openapi_url='/path/openapi.json' docs_url='/path/ocs' redoc_url='/path/redoc' datasource_url='postgresql://postgres:88888888@localhost:5432/postgres' db_pool_size=5 db_pool_max_overflow=5 is_print_sql=False
2025-01-22 17:27:52.721 | INFO     | src.core.database:init_db:22 - [Database] Initializing...
2025-01-22 17:27:53.133 | INFO     | src.core.database:init_db:24 - [Database] Initialization complete
2025-01-22 17:27:53.134 | INFO     | src.core.ability:lifespan:17 - [Service] Started
2025-01-22 17:28:01.399 | INFO     | src.core.ability:lifespan:14 - Current configuration: openapi_url='/path/openapi.json' docs_url='/path/ocs' redoc_url='/path/redoc' datasource_url='postgresql://postgres:88888888@localhost:5432/postgres' db_pool_size=5 db_pool_max_overflow=5 is_print_sql=False
2025-01-22 17:28:01.413 | INFO     | src.core.database:init_db:22 - [Database] Initializing...
2025-01-22 17:28:01.952 | INFO     | src.core.database:init_db:24 - [Database] Initialization complete
2025-01-22 17:28:01.953 | INFO     | src.core.ability:lifespan:17 - [Service] Started
2025-01-22 17:31:42.108 | INFO     | src.core.ability:lifespan:14 - Current configuration: openapi_url='/path/openapi.json' docs_url='/path/ocs' redoc_url='/path/redoc' datasource_url='postgresql://postgres:88888888@localhost:5432/postgres' db_pool_size=5 db_pool_max_overflow=5 is_print_sql=False
2025-01-22 17:31:42.111 | INFO     | src.core.database:init_db:22 - [Database] Initializing...
2025-01-22 17:31:42.451 | INFO     | src.core.database:init_db:24 - [Database] Initialization complete
2025-01-22 17:31:42.452 | INFO     | src.core.ability:lifespan:17 - [Service] Started
2025-01-22 17:32:12.269 | INFO     | src.core.ability:lifespan:19 - [Service] Stopped
2025-01-22 17:32:15.667 | INFO     | src.core.ability:lifespan:14 - Current configuration: openapi_url='/path/openapi.json' docs_url='/path/ocs' redoc_url='/path/redoc' datasource_url='postgresql://postgres:88888888@localhost:5432/postgres' db_pool_size=5 db_pool_max_overflow=5 is_print_sql=False
2025-01-22 17:32:15.670 | INFO     | src.core.database:init_db:22 - [Database] Initializing...
2025-01-22 17:32:15.866 | INFO     | src.core.database:init_db:24 - [Database] Initialization complete
2025-01-22 17:32:15.867 | INFO     | src.core.ability:lifespan:17 - [Service] Started
2025-01-22 17:32:45.905 | INFO     | src.core.ability:lifespan:19 - [Service] Stopped
2025-01-22 17:32:54.872 | INFO     | src.core.ability:lifespan:14 - Current configuration: openapi_url='/path/openapi.json' docs_url='/path/ocs' redoc_url='/path/redoc' datasource_url='postgresql://postgres:88888888@localhost:5432/postgres' db_pool_size=5 db_pool_max_overflow=5 is_print_sql=False
2025-01-22 17:32:54.874 | INFO     | src.core.database:init_db:22 - [Database] Initializing...
2025-01-22 17:32:55.069 | INFO     | src.core.database:init_db:24 - [Database] Initialization complete
2025-01-22 17:32:55.070 | INFO     | src.core.ability:lifespan:17 - [Service] Started
2025-01-22 17:35:14.138 | INFO     | src.core.ability:lifespan:19 - [Service] Stopped
2025-01-22 17:35:25.094 | INFO     | src.core.ability:lifespan:14 - Current configuration: openapi_url='/path/openapi.json' docs_url='/path/ocs' redoc_url='/path/redoc' datasource_url='postgresql://postgres:88888888@localhost:5432/postgres' db_pool_size=5 db_pool_max_overflow=5 is_print_sql=False
2025-01-22 17:35:25.111 | INFO     | src.core.database:init_db:22 - [Database] Initializing...
2025-01-22 17:35:25.542 | INFO     | src.core.database:init_db:24 - [Database] Initialization complete
2025-01-22 17:35:25.543 | INFO     | src.core.ability:lifespan:17 - [Service] Started
2025-01-22 17:37:52.031 | INFO     | src.core.ability:lifespan:19 - [Service] Stopped
2025-01-22 17:37:58.778 | INFO     | src.core.ability:lifespan:14 - Current configuration: openapi_url='/path/openapi.json' docs_url='/path/ocs' redoc_url='/path/redoc' datasource_url='postgresql://postgres:88888888@localhost:5432/postgres' db_pool_size=5 db_pool_max_overflow=5 is_print_sql=False
2025-01-22 17:37:58.781 | INFO     | src.core.database:init_db:22 - [Database] Initializing...
2025-01-22 17:37:59.078 | INFO     | src.core.database:init_db:24 - [Database] Initialization complete
2025-01-22 17:37:59.079 | INFO     | src.core.ability:lifespan:17 - [Service] Started
2025-01-22 17:39:05.345 | INFO     | src.core.ability:lifespan:19 - [Service] Stopped
2025-01-22 17:39:15.477 | INFO     | src.core.ability:lifespan:14 - Current configuration: openapi_url='/path/openapi.json' docs_url='/path/ocs' redoc_url='/path/redoc' datasource_url='postgresql://postgres:88888888@localhost:5432/postgres' db_pool_size=5 db_pool_max_overflow=5 is_print_sql=False
2025-01-22 17:39:15.479 | INFO     | src.core.database:init_db:22 - [Database] Initializing...
2025-01-22 17:39:15.650 | INFO     | src.core.database:init_db:24 - [Database] Initialization complete
2025-01-22 17:39:15.651 | INFO     | src.core.ability:lifespan:17 - [Service] Started
2025-01-22 17:40:37.781 | INFO     | src.core.ability:lifespan:19 - [Service] Stopped
2025-01-22 17:45:33.558 | INFO     | src.core.ability:lifespan:14 - Current configuration: openapi_url='/path/openapi.json' docs_url='/path/ocs' redoc_url='/path/redoc' datasource_url='postgresql://postgres:88888888@localhost:5432/postgres' db_pool_size=5 db_pool_max_overflow=5 is_print_sql=False
2025-01-22 17:45:33.614 | INFO     | src.core.database:init_db:22 - [Database] Initializing...
2025-01-22 17:45:33.767 | INFO     | src.core.database:init_db:24 - [Database] Initialization complete
2025-01-22 17:45:33.767 | INFO     | src.core.ability:lifespan:17 - [Service] Started
2025-01-22 17:45:37.752 | ERROR    | src.core.exception:exception_handler:79 - Unknown exception, [PUT] http://127.0.0.1:8000/chat_message/1 
2025-01-22 17:49:58.755 | INFO     | src.core.ability:lifespan:14 - Current configuration: openapi_url='/path/openapi.json' docs_url='/path/ocs' redoc_url='/path/redoc' datasource_url='postgresql://postgres:88888888@localhost:5432/postgres' db_pool_size=5 db_pool_max_overflow=5 is_print_sql=False
2025-01-22 17:49:58.832 | INFO     | src.core.database:init_db:22 - [Database] Initializing...
2025-01-22 17:49:59.035 | INFO     | src.core.database:init_db:24 - [Database] Initialization complete
2025-01-22 17:49:59.035 | INFO     | src.core.ability:lifespan:17 - [Service] Started
2025-01-22 17:50:11.745 | ERROR    | src.core.exception:exception_handler:79 - Unknown exception, [POST] http://127.0.0.1:8000/chat_message 
2025-01-22 17:51:46.788 | INFO     | src.core.ability:lifespan:14 - Current configuration: openapi_url='/path/openapi.json' docs_url='/path/ocs' redoc_url='/path/redoc' datasource_url='postgresql://postgres:88888888@localhost:5432/postgres' db_pool_size=5 db_pool_max_overflow=5 is_print_sql=False
2025-01-22 17:51:46.790 | INFO     | src.core.database:init_db:22 - [Database] Initializing...
2025-01-22 17:51:47.018 | INFO     | src.core.database:init_db:24 - [Database] Initialization complete
2025-01-22 17:51:47.019 | INFO     | src.core.ability:lifespan:17 - [Service] Started
2025-01-22 17:52:18.894 | ERROR    | src.core.exception:exception_handler:79 - Unknown exception, [DELETE] http://127.0.0.1:8000/chat_message/1 
2025-01-22 17:52:57.707 | INFO     | src.core.ability:lifespan:19 - [Service] Stopped
2025-01-22 17:53:07.397 | INFO     | src.core.ability:lifespan:14 - Current configuration: openapi_url='/path/openapi.json' docs_url='/path/ocs' redoc_url='/path/redoc' datasource_url='postgresql://postgres:88888888@localhost:5432/postgres' db_pool_size=5 db_pool_max_overflow=5 is_print_sql=False
2025-01-22 17:53:07.399 | INFO     | src.core.database:init_db:22 - [Database] Initializing...
2025-01-22 17:53:07.643 | INFO     | src.core.database:init_db:24 - [Database] Initialization complete
2025-01-22 17:53:07.644 | INFO     | src.core.ability:lifespan:17 - [Service] Started
2025-01-22 17:55:34.165 | INFO     | src.core.ability:lifespan:19 - [Service] Stopped
2025-01-22 17:55:51.164 | INFO     | src.core.ability:lifespan:14 - Current configuration: openapi_url='/path/openapi.json' docs_url='/path/ocs' redoc_url='/path/redoc' datasource_url='postgresql://postgres:88888888@localhost:5432/postgres' db_pool_size=5 db_pool_max_overflow=5 is_print_sql=False
2025-01-22 17:55:51.218 | INFO     | src.core.database:init_db:22 - [Database] Initializing...
2025-01-22 17:55:51.367 | INFO     | src.core.database:init_db:24 - [Database] Initialization complete
2025-01-22 17:55:51.369 | INFO     | src.core.ability:lifespan:17 - [Service] Started
2025-01-22 17:55:53.429 | ERROR    | src.core.exception:exception_handler:79 - Unknown exception, [GET] http://127.0.0.1:8000/chat_message?page_index=1&page_size=10 
2025-01-22 17:56:10.494 | INFO     | src.core.ability:lifespan:19 - [Service] Stopped
2025-01-22 17:56:26.571 | INFO     | src.core.ability:lifespan:14 - Current configuration: openapi_url='/path/openapi.json' docs_url='/path/ocs' redoc_url='/path/redoc' datasource_url='postgresql://postgres:88888888@localhost:5432/postgres' db_pool_size=5 db_pool_max_overflow=5 is_print_sql=False
2025-01-22 17:56:26.629 | INFO     | src.core.database:init_db:22 - [Database] Initializing...
2025-01-22 17:56:26.766 | INFO     | src.core.database:init_db:24 - [Database] Initialization complete
2025-01-22 17:56:26.767 | INFO     | src.core.ability:lifespan:17 - [Service] Started
2025-01-22 17:56:28.411 | ERROR    | src.core.exception:exception_handler:79 - Unknown exception, [GET] http://127.0.0.1:8000/chat_message?page_index=1&page_size=10 
2025-01-22 17:56:44.465 | INFO     | src.core.ability:lifespan:19 - [Service] Stopped
2025-01-22 17:56:53.018 | INFO     | src.core.ability:lifespan:14 - Current configuration: openapi_url='/path/openapi.json' docs_url='/path/ocs' redoc_url='/path/redoc' datasource_url='postgresql://postgres:88888888@localhost:5432/postgres' db_pool_size=5 db_pool_max_overflow=5 is_print_sql=False
2025-01-22 17:56:53.064 | INFO     | src.core.database:init_db:22 - [Database] Initializing...
2025-01-22 17:56:53.210 | INFO     | src.core.database:init_db:24 - [Database] Initialization complete
2025-01-22 17:56:53.211 | INFO     | src.core.ability:lifespan:17 - [Service] Started
2025-01-22 17:56:55.069 | ERROR    | src.core.exception:exception_handler:79 - Unknown exception, [GET] http://127.0.0.1:8000/chat_message?page_index=1&page_size=10 
2025-01-22 17:57:17.894 | ERROR    | src.core.exception:exception_handler:79 - Unknown exception, [GET] http://127.0.0.1:8000/chat_message?page_index=1&page_size=10 
2025-01-22 17:57:18.045 | INFO     | src.core.ability:lifespan:19 - [Service] Stopped
2025-01-22 17:57:21.661 | INFO     | src.core.ability:lifespan:14 - Current configuration: openapi_url='/path/openapi.json' docs_url='/path/ocs' redoc_url='/path/redoc' datasource_url='postgresql://postgres:88888888@localhost:5432/postgres' db_pool_size=5 db_pool_max_overflow=5 is_print_sql=False
2025-01-22 17:57:21.720 | INFO     | src.core.database:init_db:22 - [Database] Initializing...
2025-01-22 17:57:21.879 | INFO     | src.core.database:init_db:24 - [Database] Initialization complete
2025-01-22 17:57:21.881 | INFO     | src.core.ability:lifespan:17 - [Service] Started
2025-01-22 17:57:24.285 | ERROR    | src.core.exception:exception_handler:79 - Unknown exception, [GET] http://127.0.0.1:8000/chat_message?page_index=1&page_size=10 
2025-01-22 17:59:22.113 | INFO     | src.core.ability:lifespan:19 - [Service] Stopped
2025-01-22 17:59:25.476 | INFO     | src.core.ability:lifespan:14 - Current configuration: openapi_url='/path/openapi.json' docs_url='/path/ocs' redoc_url='/path/redoc' datasource_url='postgresql://postgres:88888888@localhost:5432/postgres' db_pool_size=5 db_pool_max_overflow=5 is_print_sql=False
2025-01-22 17:59:25.532 | INFO     | src.core.database:init_db:22 - [Database] Initializing...
2025-01-22 17:59:25.681 | INFO     | src.core.database:init_db:24 - [Database] Initialization complete
2025-01-22 17:59:25.682 | INFO     | src.core.ability:lifespan:17 - [Service] Started
2025-01-22 17:59:29.128 | ERROR    | src.core.exception:exception_handler:79 - Unknown exception, [GET] http://127.0.0.1:8000/chat_message?page_index=1&page_size=10 
2025-01-22 18:01:23.266 | INFO     | src.core.ability:lifespan:19 - [Service] Stopped
2025-01-22 18:01:57.900 | INFO     | src.core.ability:lifespan:14 - Current configuration: openapi_url='/path/openapi.json' docs_url='/path/ocs' redoc_url='/path/redoc' datasource_url='postgresql://postgres:88888888@localhost:5432/postgres' db_pool_size=5 db_pool_max_overflow=5 is_print_sql=False
2025-01-22 18:01:57.985 | INFO     | src.core.database:init_db:22 - [Database] Initializing...
2025-01-22 18:01:58.276 | INFO     | src.core.database:init_db:24 - [Database] Initialization complete
2025-01-22 18:01:58.277 | INFO     | src.core.ability:lifespan:17 - [Service] Started
2025-01-22 18:02:00.105 | ERROR    | src.core.exception:exception_handler:79 - Unknown exception, [GET] http://127.0.0.1:8000/chat_message?page_index=1&page_size=10 
2025-01-22 18:03:45.009 | INFO     | src.core.ability:lifespan:19 - [Service] Stopped
2025-01-22 18:03:54.687 | INFO     | src.core.ability:lifespan:14 - Current configuration: openapi_url='/path/openapi.json' docs_url='/path/ocs' redoc_url='/path/redoc' datasource_url='postgresql://postgres:88888888@localhost:5432/postgres' db_pool_size=5 db_pool_max_overflow=5 is_print_sql=False
2025-01-22 18:03:54.744 | INFO     | src.core.database:init_db:22 - [Database] Initializing...
2025-01-22 18:03:54.903 | INFO     | src.core.database:init_db:24 - [Database] Initialization complete
2025-01-22 18:03:54.904 | INFO     | src.core.ability:lifespan:17 - [Service] Started
2025-01-22 18:04:24.910 | INFO     | src.core.ability:lifespan:19 - [Service] Stopped
2025-01-22 18:04:30.385 | INFO     | src.core.ability:lifespan:14 - Current configuration: openapi_url='/path/openapi.json' docs_url='/path/ocs' redoc_url='/path/redoc' datasource_url='postgresql://postgres:88888888@localhost:5432/postgres' db_pool_size=5 db_pool_max_overflow=5 is_print_sql=False
2025-01-22 18:04:30.488 | INFO     | src.core.database:init_db:22 - [Database] Initializing...
2025-01-22 18:04:30.724 | INFO     | src.core.database:init_db:24 - [Database] Initialization complete
2025-01-22 18:04:30.726 | INFO     | src.core.ability:lifespan:17 - [Service] Started
2025-01-22 18:09:04.428 | INFO     | src.core.ability:lifespan:19 - [Service] Stopped
2025-01-22 18:09:28.328 | INFO     | src.core.ability:lifespan:14 - Current configuration: openapi_url='/path/openapi.json' docs_url='/path/ocs' redoc_url='/path/redoc' datasource_url='postgresql://postgres:88888888@localhost:5432/postgres' db_pool_size=5 db_pool_max_overflow=5 is_print_sql=False
2025-01-22 18:09:28.330 | INFO     | src.core.database:init_db:22 - [Database] Initializing...
2025-01-22 18:09:28.519 | INFO     | src.core.database:init_db:24 - [Database] Initialization complete
2025-01-22 18:09:28.520 | INFO     | src.core.ability:lifespan:17 - [Service] Started
